2022-10-14 21:37:16,029 INFO Set uid to user 0 succeeded
2022-10-14 21:37:16,032 INFO supervisord started with pid 1
2022-10-14 21:37:17,035 INFO spawned: 'xvfb' with pid 9
2022-10-14 21:37:17,038 INFO spawned: 'x11vnc' with pid 10
2022-10-14 21:37:17,040 INFO spawned: 'startxfce4' with pid 11
2022-10-14 21:37:17,041 INFO spawned: 'sshd' with pid 12
2022-10-14 21:37:17,051 INFO exited: xvfb (exit status 1; not expected)
2022-10-14 21:37:17,127 INFO reaped unknown pid 35
2022-10-14 21:37:17,157 INFO reaped unknown pid 46
2022-10-14 21:37:17,191 INFO reaped unknown pid 33
2022-10-14 21:37:18,056 INFO spawned: 'xvfb' with pid 56
2022-10-14 21:37:18,056 INFO success: x11vnc entered RUNNING state, process has stayed up for > than 1 seconds (startsecs)
2022-10-14 21:37:18,056 INFO success: startxfce4 entered RUNNING state, process has stayed up for > than 1 seconds (startsecs)
2022-10-14 21:37:18,056 INFO success: sshd entered RUNNING state, process has stayed up for > than 1 seconds (startsecs)
2022-10-14 21:37:18,057 INFO exited: x11vnc (exit status 1; not expected)
2022-10-14 21:37:18,060 INFO spawned: 'x11vnc' with pid 57
2022-10-14 21:37:18,071 INFO exited: xvfb (exit status 1; not expected)
2022-10-14 21:37:19,077 INFO success: x11vnc entered RUNNING state, process has stayed up for > than 1 seconds (startsecs)
2022-10-14 21:37:19,080 INFO exited: x11vnc (exit status 1; not expected)
2022-10-14 21:37:20,083 INFO spawned: 'xvfb' with pid 58
2022-10-14 21:37:20,086 INFO spawned: 'x11vnc' with pid 59
2022-10-14 21:37:20,098 INFO exited: xvfb (exit status 1; not expected)
2022-10-14 21:37:21,105 INFO success: x11vnc entered RUNNING state, process has stayed up for > than 1 seconds (startsecs)
2022-10-14 21:37:21,108 INFO exited: x11vnc (exit status 1; not expected)
2022-10-14 21:37:21,278 INFO spawned: 'x11vnc' with pid 60
2022-10-14 21:37:22,299 INFO success: x11vnc entered RUNNING state, process has stayed up for > than 1 seconds (startsecs)
2022-10-14 21:37:22,301 INFO exited: x11vnc (exit status 1; not expected)
2022-10-14 21:37:23,306 INFO spawned: 'xvfb' with pid 61
2022-10-14 21:37:23,311 INFO spawned: 'x11vnc' with pid 62
2022-10-14 21:37:23,323 INFO exited: xvfb (exit status 1; not expected)
2022-10-14 21:37:23,329 INFO gave up: xvfb entered FATAL state, too many start retries too quickly
2022-10-14 21:37:24,331 INFO success: x11vnc entered RUNNING state, process has stayed up for > than 1 seconds (startsecs)
2022-10-14 21:37:24,332 INFO exited: x11vnc (exit status 1; not expected)
2022-10-14 21:37:25,336 INFO spawned: 'x11vnc' with pid 63
2022-10-14 21:37:26,357 INFO success: x11vnc entered RUNNING state, process has stayed up for > than 1 seconds (startsecs)
2022-10-14 21:37:26,360 INFO exited: x11vnc (exit status 1; not expected)
2022-10-14 21:37:27,364 INFO spawned: 'x11vnc' with pid 64
2022-10-14 21:37:28,384 INFO success: x11vnc entered RUNNING state, process has stayed up for > than 1 seconds (startsecs)
2022-10-14 21:37:28,385 INFO exited: x11vnc (exit status 1; not expected)
2022-10-14 21:37:29,388 INFO spawned: 'x11vnc' with pid 65
2022-10-14 21:37:30,407 INFO success: x11vnc entered RUNNING state, process has stayed up for > than 1 seconds (startsecs)
2022-10-14 21:37:30,410 INFO exited: x11vnc (exit status 1; not expected)
2022-10-14 21:37:31,414 INFO spawned: 'x11vnc' with pid 66
2022-10-14 21:37:32,433 INFO success: x11vnc entered RUNNING state, process has stayed up for > than 1 seconds (startsecs)
2022-10-14 21:37:32,436 INFO exited: x11vnc (exit status 1; not expected)
2022-10-14 21:37:33,440 INFO spawned: 'x11vnc' with pid 67
2022-10-14 21:37:34,458 INFO success: x11vnc entered RUNNING state, process has stayed up for > than 1 seconds (startsecs)
2022-10-14 21:37:34,460 INFO exited: x11vnc (exit status 1; not expected)
2022-10-14 21:37:35,463 INFO spawned: 'x11vnc' with pid 68
2022-10-14 21:37:36,475 INFO success: x11vnc entered RUNNING state, process has stayed up for > than 1 seconds (startsecs)
2022-10-14 21:37:36,477 INFO exited: x11vnc (exit status 1; not expected)
2022-10-14 21:37:37,480 INFO spawned: 'x11vnc' with pid 69
2022-10-14 21:37:38,492 INFO success: x11vnc entered RUNNING state, process has stayed up for > than 1 seconds (startsecs)
2022-10-14 21:37:38,494 INFO exited: x11vnc (exit status 1; not expected)
2022-10-14 21:37:39,496 INFO spawned: 'x11vnc' with pid 70
2022-10-14 21:37:40,516 INFO success: x11vnc entered RUNNING state, process has stayed up for > than 1 seconds (startsecs)
2022-10-14 21:37:40,520 INFO exited: x11vnc (exit status 1; not expected)
2022-10-14 21:37:41,523 INFO spawned: 'x11vnc' with pid 71
2022-10-14 21:37:42,539 INFO success: x11vnc entered RUNNING state, process has stayed up for > than 1 seconds (startsecs)
2022-10-14 21:37:42,542 INFO exited: x11vnc (exit status 1; not expected)
2022-10-14 21:37:43,546 INFO spawned: 'x11vnc' with pid 72
2022-10-14 21:37:44,557 INFO success: x11vnc entered RUNNING state, process has stayed up for > than 1 seconds (startsecs)
2022-10-14 21:37:44,562 INFO exited: x11vnc (exit status 1; not expected)
2022-10-14 21:37:44,564 INFO spawned: 'x11vnc' with pid 73
2022-10-14 21:37:45,576 INFO success: x11vnc entered RUNNING state, process has stayed up for > than 1 seconds (startsecs)
2022-10-14 21:37:45,579 INFO exited: x11vnc (exit status 1; not expected)
2022-10-14 21:37:46,582 INFO spawned: 'x11vnc' with pid 74
2022-10-14 21:37:47,597 INFO success: x11vnc entered RUNNING state, process has stayed up for > than 1 seconds (startsecs)
2022-10-14 21:37:47,600 INFO exited: x11vnc (exit status 1; not expected)
2022-10-14 21:37:48,603 INFO spawned: 'x11vnc' with pid 75
2022-10-14 21:37:49,615 INFO success: x11vnc entered RUNNING state, process has stayed up for > than 1 seconds (startsecs)
2022-10-14 21:37:49,618 INFO exited: x11vnc (exit status 1; not expected)
2022-10-14 21:37:50,622 INFO spawned: 'x11vnc' with pid 76
2022-10-14 21:37:51,634 INFO success: x11vnc entered RUNNING state, process has stayed up for > than 1 seconds (startsecs)
2022-10-14 21:37:51,637 INFO exited: x11vnc (exit status 1; not expected)
2022-10-14 21:37:52,641 INFO spawned: 'x11vnc' with pid 77
2022-10-14 21:37:53,650 INFO success: x11vnc entered RUNNING state, process has stayed up for > than 1 seconds (startsecs)
2022-10-14 21:37:53,653 INFO exited: x11vnc (exit status 1; not expected)
2022-10-14 21:37:54,656 INFO spawned: 'x11vnc' with pid 78
2022-10-14 21:37:55,668 INFO success: x11vnc entered RUNNING state, process has stayed up for > than 1 seconds (startsecs)
2022-10-14 21:37:55,671 INFO exited: x11vnc (exit status 1; not expected)
2022-10-14 21:37:56,675 INFO spawned: 'x11vnc' with pid 79
2022-10-14 21:37:57,696 INFO success: x11vnc entered RUNNING state, process has stayed up for > than 1 seconds (startsecs)
2022-10-14 21:37:57,699 INFO exited: x11vnc (exit status 1; not expected)
2022-10-14 21:37:58,702 INFO spawned: 'x11vnc' with pid 80
2022-10-14 21:37:59,720 INFO success: x11vnc entered RUNNING state, process has stayed up for > than 1 seconds (startsecs)
2022-10-14 21:37:59,723 INFO exited: x11vnc (exit status 1; not expected)
2022-10-14 21:38:00,727 INFO spawned: 'x11vnc' with pid 81
2022-10-14 21:38:01,738 INFO success: x11vnc entered RUNNING state, process has stayed up for > than 1 seconds (startsecs)
2022-10-14 21:38:01,741 INFO exited: x11vnc (exit status 1; not expected)
2022-10-14 21:38:02,745 INFO spawned: 'x11vnc' with pid 82
2022-10-14 21:38:03,756 INFO success: x11vnc entered RUNNING state, process has stayed up for > than 1 seconds (startsecs)
2022-10-14 21:38:03,760 INFO exited: x11vnc (exit status 1; not expected)
2022-10-14 21:38:04,763 INFO spawned: 'x11vnc' with pid 83
2022-10-14 21:38:05,775 INFO success: x11vnc entered RUNNING state, process has stayed up for > than 1 seconds (startsecs)
2022-10-14 21:38:05,778 INFO exited: x11vnc (exit status 1; not expected)
2022-10-14 21:38:06,782 INFO spawned: 'x11vnc' with pid 84
2022-10-14 21:38:07,794 INFO success: x11vnc entered RUNNING state, process has stayed up for > than 1 seconds (startsecs)
2022-10-14 21:38:07,798 INFO exited: x11vnc (exit status 1; not expected)
2022-10-14 21:38:08,802 INFO spawned: 'x11vnc' with pid 85
2022-10-14 21:38:09,821 INFO success: x11vnc entered RUNNING state, process has stayed up for > than 1 seconds (startsecs)
2022-10-14 21:38:09,823 INFO exited: x11vnc (exit status 1; not expected)
2022-10-14 21:38:10,827 INFO spawned: 'x11vnc' with pid 86
2022-10-14 21:38:11,839 INFO success: x11vnc entered RUNNING state, process has stayed up for > than 1 seconds (startsecs)
2022-10-14 21:38:11,842 INFO exited: x11vnc (exit status 1; not expected)
2022-10-14 21:38:12,846 INFO spawned: 'x11vnc' with pid 87
2022-10-14 21:38:13,865 INFO success: x11vnc entered RUNNING state, process has stayed up for > than 1 seconds (startsecs)
2022-10-14 21:38:13,868 INFO exited: x11vnc (exit status 1; not expected)
2022-10-14 21:38:14,871 INFO spawned: 'x11vnc' with pid 91
2022-10-14 21:38:15,880 INFO success: x11vnc entered RUNNING state, process has stayed up for > than 1 seconds (startsecs)
2022-10-14 21:38:15,881 INFO exited: x11vnc (exit status 1; not expected)
2022-10-14 21:38:16,884 INFO spawned: 'x11vnc' with pid 92
2022-10-14 21:38:17,904 INFO success: x11vnc entered RUNNING state, process has stayed up for > than 1 seconds (startsecs)
2022-10-14 21:38:17,907 INFO exited: x11vnc (exit status 1; not expected)
2022-10-14 21:38:18,911 INFO spawned: 'x11vnc' with pid 93
2022-10-14 21:38:19,928 INFO success: x11vnc entered RUNNING state, process has stayed up for > than 1 seconds (startsecs)
2022-10-14 21:38:19,932 INFO exited: x11vnc (exit status 1; not expected)
2022-10-14 21:38:20,935 INFO spawned: 'x11vnc' with pid 94
2022-10-14 21:38:21,954 INFO success: x11vnc entered RUNNING state, process has stayed up for > than 1 seconds (startsecs)
2022-10-14 21:38:21,957 INFO exited: x11vnc (exit status 1; not expected)
2022-10-14 21:38:22,960 INFO spawned: 'x11vnc' with pid 95
2022-10-14 21:38:23,969 INFO success: x11vnc entered RUNNING state, process has stayed up for > than 1 seconds (startsecs)
2022-10-14 21:38:23,972 INFO exited: x11vnc (exit status 1; not expected)
2022-10-14 21:38:24,976 INFO spawned: 'x11vnc' with pid 96
2022-10-14 21:38:25,988 INFO success: x11vnc entered RUNNING state, process has stayed up for > than 1 seconds (startsecs)
2022-10-14 21:38:25,991 INFO exited: x11vnc (exit status 1; not expected)
2022-10-14 21:38:26,995 INFO spawned: 'x11vnc' with pid 97
2022-10-14 21:38:28,006 INFO success: x11vnc entered RUNNING state, process has stayed up for > than 1 seconds (startsecs)
2022-10-14 21:38:28,009 INFO exited: x11vnc (exit status 1; not expected)
2022-10-14 21:38:29,012 INFO spawned: 'x11vnc' with pid 98
2022-10-14 21:38:30,031 INFO success: x11vnc entered RUNNING state, process has stayed up for > than 1 seconds (startsecs)
2022-10-14 21:38:30,035 INFO exited: x11vnc (exit status 1; not expected)
2022-10-14 21:38:31,038 INFO spawned: 'x11vnc' with pid 99
2022-10-14 21:38:32,049 INFO success: x11vnc entered RUNNING state, process has stayed up for > than 1 seconds (startsecs)
2022-10-14 21:38:32,052 INFO exited: x11vnc (exit status 1; not expected)
2022-10-14 21:38:33,056 INFO spawned: 'x11vnc' with pid 100
2022-10-14 21:38:34,070 INFO success: x11vnc entered RUNNING state, process has stayed up for > than 1 seconds (startsecs)
2022-10-14 21:38:34,073 INFO exited: x11vnc (exit status 1; not expected)
2022-10-14 21:38:35,077 INFO spawned: 'x11vnc' with pid 101
2022-10-14 21:38:36,089 INFO success: x11vnc entered RUNNING state, process has stayed up for > than 1 seconds (startsecs)
2022-10-14 21:38:36,093 INFO exited: x11vnc (exit status 1; not expected)
2022-10-14 21:38:37,096 INFO spawned: 'x11vnc' with pid 102
2022-10-14 21:38:38,108 INFO success: x11vnc entered RUNNING state, process has stayed up for > than 1 seconds (startsecs)
2022-10-14 21:38:38,112 INFO exited: x11vnc (exit status 1; not expected)
2022-10-14 21:38:39,115 INFO spawned: 'x11vnc' with pid 103
2022-10-14 21:38:40,129 INFO success: x11vnc entered RUNNING state, process has stayed up for > than 1 seconds (startsecs)
2022-10-14 21:38:40,132 INFO exited: x11vnc (exit status 1; not expected)
2022-10-14 21:38:41,136 INFO spawned: 'x11vnc' with pid 104
2022-10-14 21:38:42,152 INFO success: x11vnc entered RUNNING state, process has stayed up for > than 1 seconds (startsecs)
2022-10-14 21:38:42,154 INFO exited: x11vnc (exit status 1; not expected)
2022-10-14 21:38:43,157 INFO spawned: 'x11vnc' with pid 105
2022-10-14 21:38:44,166 INFO success: x11vnc entered RUNNING state, process has stayed up for > than 1 seconds (startsecs)
2022-10-14 21:38:44,168 INFO exited: x11vnc (exit status 1; not expected)
2022-10-14 21:38:45,171 INFO spawned: 'x11vnc' with pid 106
2022-10-14 21:38:46,183 INFO success: x11vnc entered RUNNING state, process has stayed up for > than 1 seconds (startsecs)
2022-10-14 21:38:46,186 INFO exited: x11vnc (exit status 1; not expected)
2022-10-14 21:38:47,190 INFO spawned: 'x11vnc' with pid 107
2022-10-14 21:38:48,201 INFO success: x11vnc entered RUNNING state, process has stayed up for > than 1 seconds (startsecs)
2022-10-14 21:38:48,204 INFO exited: x11vnc (exit status 1; not expected)
2022-10-14 21:38:49,209 INFO spawned: 'x11vnc' with pid 108
2022-10-14 21:38:50,220 INFO success: x11vnc entered RUNNING state, process has stayed up for > than 1 seconds (startsecs)
2022-10-14 21:38:50,223 INFO exited: x11vnc (exit status 1; not expected)
2022-10-14 21:38:51,227 INFO spawned: 'x11vnc' with pid 109
2022-10-14 21:38:52,244 INFO success: x11vnc entered RUNNING state, process has stayed up for > than 1 seconds (startsecs)
2022-10-14 21:38:52,245 INFO exited: x11vnc (exit status 1; not expected)
2022-10-14 21:38:53,249 INFO spawned: 'x11vnc' with pid 110
2022-10-14 21:38:54,267 INFO success: x11vnc entered RUNNING state, process has stayed up for > than 1 seconds (startsecs)
2022-10-14 21:38:54,269 INFO exited: x11vnc (exit status 1; not expected)
2022-10-14 21:38:55,273 INFO spawned: 'x11vnc' with pid 111
2022-10-14 21:38:56,285 INFO success: x11vnc entered RUNNING state, process has stayed up for > than 1 seconds (startsecs)
2022-10-14 21:38:56,288 INFO exited: x11vnc (exit status 1; not expected)
2022-10-14 21:38:57,292 INFO spawned: 'x11vnc' with pid 112
2022-10-14 21:38:58,311 INFO success: x11vnc entered RUNNING state, process has stayed up for > than 1 seconds (startsecs)
2022-10-14 21:38:58,313 INFO exited: x11vnc (exit status 1; not expected)
2022-10-14 21:38:59,316 INFO spawned: 'x11vnc' with pid 113
2022-10-14 21:39:00,328 INFO success: x11vnc entered RUNNING state, process has stayed up for > than 1 seconds (startsecs)
2022-10-14 21:39:00,331 INFO exited: x11vnc (exit status 1; not expected)
2022-10-14 21:39:01,335 INFO spawned: 'x11vnc' with pid 114
2022-10-14 21:39:02,354 INFO success: x11vnc entered RUNNING state, process has stayed up for > than 1 seconds (startsecs)
2022-10-14 21:39:02,355 INFO exited: x11vnc (exit status 1; not expected)
2022-10-14 21:39:02,604 INFO spawned: 'x11vnc' with pid 116
2022-10-14 21:39:03,615 INFO success: x11vnc entered RUNNING state, process has stayed up for > than 1 seconds (startsecs)
2022-10-14 21:39:03,618 INFO exited: x11vnc (exit status 1; not expected)
2022-10-14 21:39:04,621 INFO spawned: 'x11vnc' with pid 119
2022-10-14 21:39:05,633 INFO success: x11vnc entered RUNNING state, process has stayed up for > than 1 seconds (startsecs)
2022-10-14 21:39:05,636 INFO exited: x11vnc (exit status 1; not expected)
2022-10-14 21:39:06,640 INFO spawned: 'x11vnc' with pid 122
2022-10-14 21:39:07,659 INFO success: x11vnc entered RUNNING state, process has stayed up for > than 1 seconds (startsecs)
2022-10-14 21:39:07,662 INFO exited: x11vnc (exit status 1; not expected)
2022-10-14 21:39:08,666 INFO spawned: 'x11vnc' with pid 123
2022-10-14 21:39:09,677 INFO success: x11vnc entered RUNNING state, process has stayed up for > than 1 seconds (startsecs)
2022-10-14 21:39:09,680 INFO exited: x11vnc (exit status 1; not expected)
2022-10-14 21:39:10,133 INFO spawned: 'x11vnc' with pid 125
2022-10-14 21:39:11,141 INFO success: x11vnc entered RUNNING state, process has stayed up for > than 1 seconds (startsecs)
2022-10-14 21:39:11,144 INFO exited: x11vnc (exit status 1; not expected)
2022-10-14 21:39:12,147 INFO spawned: 'x11vnc' with pid 136
2022-10-14 21:39:13,164 INFO success: x11vnc entered RUNNING state, process has stayed up for > than 1 seconds (startsecs)
2022-10-14 21:39:13,167 INFO exited: x11vnc (exit status 1; not expected)
2022-10-14 21:39:14,170 INFO spawned: 'x11vnc' with pid 137
2022-10-14 21:39:15,189 INFO success: x11vnc entered RUNNING state, process has stayed up for > than 1 seconds (startsecs)
2022-10-14 21:39:15,193 INFO exited: x11vnc (exit status 1; not expected)
2022-10-14 21:39:15,218 INFO spawned: 'x11vnc' with pid 138
2022-10-14 21:39:15,218 INFO reaped unknown pid 127
2022-10-14 21:39:16,237 INFO success: x11vnc entered RUNNING state, process has stayed up for > than 1 seconds (startsecs)
2022-10-14 21:39:16,240 INFO exited: x11vnc (exit status 1; not expected)
2022-10-14 21:39:17,244 INFO spawned: 'x11vnc' with pid 139
2022-10-14 21:39:18,263 INFO success: x11vnc entered RUNNING state, process has stayed up for > than 1 seconds (startsecs)
2022-10-14 21:39:18,266 INFO exited: x11vnc (exit status 1; not expected)
2022-10-14 21:39:19,270 INFO spawned: 'x11vnc' with pid 140
2022-10-14 21:39:20,284 INFO success: x11vnc entered RUNNING state, process has stayed up for > than 1 seconds (startsecs)
2022-10-14 21:39:20,287 INFO exited: x11vnc (exit status 1; not expected)
2022-10-14 21:39:21,291 INFO spawned: 'x11vnc' with pid 141
2022-10-14 21:39:22,303 INFO success: x11vnc entered RUNNING state, process has stayed up for > than 1 seconds (startsecs)
2022-10-14 21:39:22,306 INFO exited: x11vnc (exit status 1; not expected)
2022-10-14 21:39:23,310 INFO spawned: 'x11vnc' with pid 142
2022-10-14 21:39:24,321 INFO success: x11vnc entered RUNNING state, process has stayed up for > than 1 seconds (startsecs)
2022-10-14 21:39:24,324 INFO exited: x11vnc (exit status 1; not expected)
2022-10-14 21:39:25,328 INFO spawned: 'x11vnc' with pid 154
2022-10-14 21:39:26,340 INFO success: x11vnc entered RUNNING state, process has stayed up for > than 1 seconds (startsecs)
2022-10-14 21:39:26,343 INFO exited: x11vnc (exit status 1; not expected)
2022-10-14 21:39:27,346 INFO spawned: 'x11vnc' with pid 160
2022-10-14 21:39:28,360 INFO success: x11vnc entered RUNNING state, process has stayed up for > than 1 seconds (startsecs)
2022-10-14 21:39:28,364 INFO exited: x11vnc (exit status 1; not expected)
2022-10-14 21:39:29,367 INFO spawned: 'x11vnc' with pid 161
2022-10-14 21:39:30,379 INFO success: x11vnc entered RUNNING state, process has stayed up for > than 1 seconds (startsecs)
2022-10-14 21:39:30,382 INFO exited: x11vnc (exit status 1; not expected)
2022-10-14 21:39:31,386 INFO spawned: 'x11vnc' with pid 162
2022-10-14 21:39:32,397 INFO success: x11vnc entered RUNNING state, process has stayed up for > than 1 seconds (startsecs)
2022-10-14 21:39:32,399 INFO exited: x11vnc (exit status 1; not expected)
2022-10-14 21:39:33,402 INFO spawned: 'x11vnc' with pid 163
2022-10-14 21:39:33,918 INFO reaped unknown pid 132
2022-10-14 21:39:33,922 INFO reaped unknown pid 128
2022-10-14 21:39:34,421 INFO success: x11vnc entered RUNNING state, process has stayed up for > than 1 seconds (startsecs)
2022-10-14 21:39:34,423 INFO exited: x11vnc (exit status 1; not expected)
2022-10-14 21:39:35,427 INFO spawned: 'x11vnc' with pid 165
2022-10-14 21:39:36,439 INFO success: x11vnc entered RUNNING state, process has stayed up for > than 1 seconds (startsecs)
2022-10-14 21:39:36,441 INFO exited: x11vnc (exit status 1; not expected)
2022-10-14 21:39:37,444 INFO spawned: 'x11vnc' with pid 166
2022-10-14 21:39:38,461 INFO success: x11vnc entered RUNNING state, process has stayed up for > than 1 seconds (startsecs)
2022-10-14 21:39:38,464 INFO exited: x11vnc (exit status 1; not expected)
2022-10-14 21:39:39,467 INFO spawned: 'x11vnc' with pid 167
2022-10-14 21:39:40,479 INFO success: x11vnc entered RUNNING state, process has stayed up for > than 1 seconds (startsecs)
2022-10-14 21:39:40,482 INFO exited: x11vnc (exit status 1; not expected)
2022-10-14 21:39:41,486 INFO spawned: 'x11vnc' with pid 168
2022-10-14 21:39:42,497 INFO success: x11vnc entered RUNNING state, process has stayed up for > than 1 seconds (startsecs)
2022-10-14 21:39:42,500 INFO exited: x11vnc (exit status 1; not expected)
2022-10-14 21:39:43,504 INFO spawned: 'x11vnc' with pid 169
2022-10-14 21:39:44,515 INFO success: x11vnc entered RUNNING state, process has stayed up for > than 1 seconds (startsecs)
2022-10-14 21:39:44,518 INFO exited: x11vnc (exit status 1; not expected)
2022-10-14 21:39:45,522 INFO spawned: 'x11vnc' with pid 170
2022-10-14 21:39:46,534 INFO success: x11vnc entered RUNNING state, process has stayed up for > than 1 seconds (startsecs)
2022-10-14 21:39:46,536 INFO exited: x11vnc (exit status 1; not expected)
2022-10-14 21:39:47,538 INFO spawned: 'x11vnc' with pid 171
2022-10-14 21:39:48,548 INFO success: x11vnc entered RUNNING state, process has stayed up for > than 1 seconds (startsecs)
2022-10-14 21:39:48,550 INFO exited: x11vnc (exit status 1; not expected)
2022-10-14 21:39:49,552 INFO spawned: 'x11vnc' with pid 172
2022-10-14 21:39:50,571 INFO success: x11vnc entered RUNNING state, process has stayed up for > than 1 seconds (startsecs)
2022-10-14 21:39:50,574 INFO exited: x11vnc (exit status 1; not expected)
2022-10-14 21:39:51,578 INFO spawned: 'x11vnc' with pid 173
2022-10-14 21:39:52,596 INFO success: x11vnc entered RUNNING state, process has stayed up for > than 1 seconds (startsecs)
2022-10-14 21:39:52,599 INFO exited: x11vnc (exit status 1; not expected)
2022-10-14 21:39:53,603 INFO spawned: 'x11vnc' with pid 174
2022-10-14 21:39:54,625 INFO success: x11vnc entered RUNNING state, process has stayed up for > than 1 seconds (startsecs)
2022-10-14 21:39:54,628 INFO exited: x11vnc (exit status 1; not expected)
2022-10-14 21:39:55,632 INFO spawned: 'x11vnc' with pid 175
2022-10-14 21:39:55,944 WARN received SIGTERM indicating exit request
2022-10-14 21:39:55,945 INFO waiting for startxfce4, sshd, x11vnc to die
2022-10-14 21:39:55,946 INFO stopped: sshd (exit status 0)
2022-10-14 21:39:55,946 INFO stopped: startxfce4 (terminated by SIGTERM)
2022-10-14 21:39:55,947 INFO stopped: x11vnc (terminated by SIGTERM)
2022-10-14 21:40:08,579 INFO Set uid to user 0 succeeded
2022-10-14 21:40:08,581 INFO supervisord started with pid 1
2022-10-14 21:40:09,584 INFO spawned: 'xvfb' with pid 9
2022-10-14 21:40:09,587 INFO spawned: 'x11vnc' with pid 10
2022-10-14 21:40:09,590 INFO spawned: 'startxfce4' with pid 11
2022-10-14 21:40:09,593 INFO spawned: 'sshd' with pid 12
2022-10-14 21:40:09,602 INFO exited: xvfb (exit status 1; not expected)
2022-10-14 21:40:09,695 INFO reaped unknown pid 35
2022-10-14 21:40:09,708 INFO reaped unknown pid 46
2022-10-14 21:40:09,743 INFO reaped unknown pid 33
2022-10-14 21:40:10,613 INFO spawned: 'xvfb' with pid 56
2022-10-14 21:40:10,615 INFO success: x11vnc entered RUNNING state, process has stayed up for > than 1 seconds (startsecs)
2022-10-14 21:40:10,616 INFO success: startxfce4 entered RUNNING state, process has stayed up for > than 1 seconds (startsecs)
2022-10-14 21:40:10,616 INFO success: sshd entered RUNNING state, process has stayed up for > than 1 seconds (startsecs)
2022-10-14 21:40:10,618 INFO exited: x11vnc (exit status 1; not expected)
2022-10-14 21:40:10,624 INFO spawned: 'x11vnc' with pid 57
2022-10-14 21:40:10,637 INFO exited: xvfb (exit status 1; not expected)
2022-10-14 21:40:11,650 INFO success: x11vnc entered RUNNING state, process has stayed up for > than 1 seconds (startsecs)
2022-10-14 21:40:11,654 INFO exited: x11vnc (exit status 1; not expected)
2022-10-14 21:40:12,658 INFO spawned: 'xvfb' with pid 58
2022-10-14 21:40:12,661 INFO spawned: 'x11vnc' with pid 59
2022-10-14 21:40:12,666 INFO exited: xvfb (exit status 1; not expected)
2022-10-14 21:40:13,671 INFO success: x11vnc entered RUNNING state, process has stayed up for > than 1 seconds (startsecs)
2022-10-14 21:40:13,674 INFO exited: x11vnc (exit status 1; not expected)
2022-10-14 21:40:14,678 INFO spawned: 'x11vnc' with pid 60
2022-10-14 21:40:15,694 INFO spawned: 'xvfb' with pid 61
2022-10-14 21:40:15,695 INFO success: x11vnc entered RUNNING state, process has stayed up for > than 1 seconds (startsecs)
2022-10-14 21:40:15,695 INFO exited: x11vnc (exit status 1; not expected)
2022-10-14 21:40:15,698 INFO spawned: 'x11vnc' with pid 62
2022-10-14 21:40:15,703 INFO exited: xvfb (exit status 1; not expected)
2022-10-14 21:40:15,707 INFO gave up: xvfb entered FATAL state, too many start retries too quickly
2022-10-14 21:40:16,709 INFO success: x11vnc entered RUNNING state, process has stayed up for > than 1 seconds (startsecs)
2022-10-14 21:40:16,712 INFO exited: x11vnc (exit status 1; not expected)
2022-10-14 21:40:17,268 INFO spawned: 'x11vnc' with pid 63
2022-10-14 21:40:18,281 INFO success: x11vnc entered RUNNING state, process has stayed up for > than 1 seconds (startsecs)
2022-10-14 21:40:18,284 INFO exited: x11vnc (exit status 1; not expected)
2022-10-14 21:40:19,292 INFO spawned: 'x11vnc' with pid 64
2022-10-14 21:40:20,323 INFO success: x11vnc entered RUNNING state, process has stayed up for > than 1 seconds (startsecs)
2022-10-14 21:40:20,326 INFO exited: x11vnc (exit status 1; not expected)
2022-10-14 21:40:21,330 INFO spawned: 'x11vnc' with pid 65
2022-10-14 21:40:22,351 INFO success: x11vnc entered RUNNING state, process has stayed up for > than 1 seconds (startsecs)
2022-10-14 21:40:22,354 INFO exited: x11vnc (exit status 1; not expected)
2022-10-14 21:40:23,358 INFO spawned: 'x11vnc' with pid 66
2022-10-14 21:40:24,377 INFO success: x11vnc entered RUNNING state, process has stayed up for > than 1 seconds (startsecs)
2022-10-14 21:40:24,380 INFO exited: x11vnc (exit status 1; not expected)
2022-10-14 21:40:25,384 INFO spawned: 'x11vnc' with pid 67
2022-10-14 21:40:26,404 INFO success: x11vnc entered RUNNING state, process has stayed up for > than 1 seconds (startsecs)
2022-10-14 21:40:26,407 INFO exited: x11vnc (exit status 1; not expected)
2022-10-14 21:40:27,411 INFO spawned: 'x11vnc' with pid 68
2022-10-14 21:40:28,432 INFO success: x11vnc entered RUNNING state, process has stayed up for > than 1 seconds (startsecs)
2022-10-14 21:40:28,435 INFO exited: x11vnc (exit status 1; not expected)
2022-10-14 21:40:29,439 INFO spawned: 'x11vnc' with pid 69
2022-10-14 21:40:30,452 INFO success: x11vnc entered RUNNING state, process has stayed up for > than 1 seconds (startsecs)
2022-10-14 21:40:30,455 INFO exited: x11vnc (exit status 1; not expected)
2022-10-14 21:40:31,458 INFO spawned: 'x11vnc' with pid 70
2022-10-14 21:40:32,477 INFO success: x11vnc entered RUNNING state, process has stayed up for > than 1 seconds (startsecs)
2022-10-14 21:40:32,480 INFO exited: x11vnc (exit status 1; not expected)
2022-10-14 21:40:33,482 INFO spawned: 'x11vnc' with pid 71
2022-10-14 21:40:34,490 INFO success: x11vnc entered RUNNING state, process has stayed up for > than 1 seconds (startsecs)
2022-10-14 21:40:34,491 INFO exited: x11vnc (exit status 1; not expected)
2022-10-14 21:40:35,495 INFO spawned: 'x11vnc' with pid 73
2022-10-14 21:40:36,507 INFO success: x11vnc entered RUNNING state, process has stayed up for > than 1 seconds (startsecs)
2022-10-14 21:40:36,509 INFO exited: x11vnc (exit status 1; not expected)
2022-10-14 21:40:37,514 INFO spawned: 'x11vnc' with pid 84
2022-10-14 21:40:38,531 INFO success: x11vnc entered RUNNING state, process has stayed up for > than 1 seconds (startsecs)
2022-10-14 21:40:38,535 INFO exited: x11vnc (exit status 1; not expected)
2022-10-14 21:40:39,538 INFO spawned: 'x11vnc' with pid 85
2022-10-14 21:40:40,553 INFO success: x11vnc entered RUNNING state, process has stayed up for > than 1 seconds (startsecs)
2022-10-14 21:40:40,556 INFO exited: x11vnc (exit status 1; not expected)
2022-10-14 21:40:41,378 INFO spawned: 'x11vnc' with pid 86
2022-10-14 21:40:41,379 INFO reaped unknown pid 76
2022-10-14 21:40:42,392 INFO success: x11vnc entered RUNNING state, process has stayed up for > than 1 seconds (startsecs)
2022-10-14 21:40:42,395 INFO exited: x11vnc (exit status 1; not expected)
2022-10-14 21:40:43,399 INFO spawned: 'x11vnc' with pid 87
2022-10-14 21:40:44,412 INFO success: x11vnc entered RUNNING state, process has stayed up for > than 1 seconds (startsecs)
2022-10-14 21:40:44,415 INFO exited: x11vnc (exit status 1; not expected)
2022-10-14 21:40:45,419 INFO spawned: 'x11vnc' with pid 88
2022-10-14 21:40:46,434 INFO success: x11vnc entered RUNNING state, process has stayed up for > than 1 seconds (startsecs)
2022-10-14 21:40:46,436 INFO exited: x11vnc (exit status 1; not expected)
2022-10-14 21:40:47,439 INFO spawned: 'x11vnc' with pid 105
2022-10-14 21:40:48,455 INFO success: x11vnc entered RUNNING state, process has stayed up for > than 1 seconds (startsecs)
2022-10-14 21:40:48,458 INFO exited: x11vnc (exit status 1; not expected)
2022-10-14 21:40:49,462 INFO spawned: 'x11vnc' with pid 106
2022-10-14 21:40:50,480 INFO success: x11vnc entered RUNNING state, process has stayed up for > than 1 seconds (startsecs)
2022-10-14 21:40:50,483 INFO exited: x11vnc (exit status 1; not expected)
2022-10-14 21:40:51,487 INFO spawned: 'x11vnc' with pid 107
2022-10-14 21:40:52,506 INFO success: x11vnc entered RUNNING state, process has stayed up for > than 1 seconds (startsecs)
2022-10-14 21:40:52,514 INFO exited: x11vnc (exit status 1; not expected)
2022-10-14 21:40:53,516 INFO spawned: 'x11vnc' with pid 108
2022-10-14 21:40:54,533 INFO success: x11vnc entered RUNNING state, process has stayed up for > than 1 seconds (startsecs)
2022-10-14 21:40:54,534 INFO exited: x11vnc (exit status 1; not expected)
2022-10-14 21:40:55,537 INFO spawned: 'x11vnc' with pid 109
2022-10-14 21:40:56,556 INFO success: x11vnc entered RUNNING state, process has stayed up for > than 1 seconds (startsecs)
2022-10-14 21:40:56,559 INFO exited: x11vnc (exit status 1; not expected)
2022-10-14 21:40:57,563 INFO spawned: 'x11vnc' with pid 110
2022-10-14 21:40:58,576 INFO success: x11vnc entered RUNNING state, process has stayed up for > than 1 seconds (startsecs)
2022-10-14 21:40:58,579 INFO exited: x11vnc (exit status 1; not expected)
2022-10-14 21:40:59,074 INFO spawned: 'x11vnc' with pid 112
2022-10-14 21:40:59,074 INFO reaped unknown pid 77
2022-10-14 21:40:59,074 INFO reaped unknown pid 81
2022-10-14 21:41:00,089 INFO success: x11vnc entered RUNNING state, process has stayed up for > than 1 seconds (startsecs)
2022-10-14 21:41:00,090 INFO exited: x11vnc (exit status 1; not expected)
2022-10-14 21:41:01,094 INFO spawned: 'x11vnc' with pid 113
2022-10-14 21:41:02,107 INFO success: x11vnc entered RUNNING state, process has stayed up for > than 1 seconds (startsecs)
2022-10-14 21:41:02,110 INFO exited: x11vnc (exit status 1; not expected)
2022-10-14 21:41:03,113 INFO spawned: 'x11vnc' with pid 114
2022-10-14 21:41:04,128 INFO success: x11vnc entered RUNNING state, process has stayed up for > than 1 seconds (startsecs)
2022-10-14 21:41:04,130 INFO exited: x11vnc (exit status 1; not expected)
2022-10-14 21:41:05,134 INFO spawned: 'x11vnc' with pid 115
2022-10-14 21:41:06,153 INFO success: x11vnc entered RUNNING state, process has stayed up for > than 1 seconds (startsecs)
2022-10-14 21:41:06,156 INFO exited: x11vnc (exit status 1; not expected)
2022-10-14 21:41:07,159 INFO spawned: 'x11vnc' with pid 116
2022-10-14 21:41:08,173 INFO success: x11vnc entered RUNNING state, process has stayed up for > than 1 seconds (startsecs)
2022-10-14 21:41:08,176 INFO exited: x11vnc (exit status 1; not expected)
2022-10-14 21:41:09,180 INFO spawned: 'x11vnc' with pid 117
2022-10-14 21:41:10,195 INFO success: x11vnc entered RUNNING state, process has stayed up for > than 1 seconds (startsecs)
2022-10-14 21:41:10,198 INFO exited: x11vnc (exit status 1; not expected)
2022-10-14 21:41:11,201 INFO spawned: 'x11vnc' with pid 118
2022-10-14 21:41:12,214 INFO success: x11vnc entered RUNNING state, process has stayed up for > than 1 seconds (startsecs)
2022-10-14 21:41:12,216 INFO exited: x11vnc (exit status 1; not expected)
2022-10-14 21:41:13,219 INFO spawned: 'x11vnc' with pid 119
2022-10-14 21:41:14,233 INFO success: x11vnc entered RUNNING state, process has stayed up for > than 1 seconds (startsecs)
2022-10-14 21:41:14,236 INFO exited: x11vnc (exit status 1; not expected)
2022-10-14 21:41:15,239 INFO spawned: 'x11vnc' with pid 120
2022-10-14 21:41:16,252 INFO success: x11vnc entered RUNNING state, process has stayed up for > than 1 seconds (startsecs)
2022-10-14 21:41:16,256 INFO exited: x11vnc (exit status 1; not expected)
2022-10-14 21:41:17,259 INFO spawned: 'x11vnc' with pid 121
2022-10-14 21:41:18,278 INFO success: x11vnc entered RUNNING state, process has stayed up for > than 1 seconds (startsecs)
2022-10-14 21:41:18,282 INFO exited: x11vnc (exit status 1; not expected)
2022-10-14 21:41:19,286 INFO spawned: 'x11vnc' with pid 122
2022-10-14 21:41:20,305 INFO success: x11vnc entered RUNNING state, process has stayed up for > than 1 seconds (startsecs)
2022-10-14 21:41:20,308 INFO exited: x11vnc (exit status 1; not expected)
2022-10-14 21:41:21,311 INFO spawned: 'x11vnc' with pid 123
2022-10-14 21:41:22,324 INFO success: x11vnc entered RUNNING state, process has stayed up for > than 1 seconds (startsecs)
2022-10-14 21:41:22,327 INFO exited: x11vnc (exit status 1; not expected)
2022-10-14 21:41:23,330 INFO spawned: 'x11vnc' with pid 124
2022-10-14 21:41:24,349 INFO success: x11vnc entered RUNNING state, process has stayed up for > than 1 seconds (startsecs)
2022-10-14 21:41:24,352 INFO exited: x11vnc (exit status 1; not expected)
2022-10-14 21:41:24,801 INFO spawned: 'x11vnc' with pid 125
2022-10-14 21:41:24,802 WARN received SIGTERM indicating exit request
2022-10-14 21:41:24,802 INFO waiting for startxfce4, sshd, x11vnc to die
2022-10-14 21:41:24,803 INFO stopped: sshd (exit status 0)
2022-10-14 21:41:24,815 INFO stopped: startxfce4 (terminated by SIGTERM)
2022-10-14 21:41:24,815 INFO stopped: x11vnc (terminated by SIGTERM)
